<?xml version="1.0" encoding="UTF-8"?>
<testsuite xmlns:xsi="http://www.w3.org/2001/XMLSchema-instance" xsi:noNamespaceSchemaLocation="https://maven.apache.org/surefire/maven-surefire-plugin/xsd/surefire-test-report.xsd" name="mk.ukim.finki.devops.devopshelloworldproject.DevOpsHelloWorldProjectApplicationTests" time="5.964" tests="1" errors="0" skipped="0" failures="0">
  <properties>
[...]
</properties>
  <testcase name="contextLoads" classname="mk.ukim.finki.devops.devopshelloworldproject.DevOpsHelloWorldProjectApplicationTests" time="0.702"/>
</testsuite>